[0m02:02:36.475037 [debug] [MainThread]: Sending event: {'category': 'dbt', 'action': 'invocation', 'label': 'start', 'context': [<snowplow_tracker.self_describing_json.SelfDescribingJson object at 0x0000018B016ECF50>, <snowplow_tracker.self_describing_json.SelfDescribingJson object at 0x0000018B016EF6B0>, <snowplow_tracker.self_describing_json.SelfDescribingJson object at 0x0000018B016EFF80>]}


============================== 02:02:36.493287 | 9d0716e7-679b-4e07-bf1a-6942d44189a7 ==============================
[0m02:02:36.493287 [info ] [MainThread]: Running with dbt=1.8.3
[0m02:02:36.497242 [debug] [MainThread]: running dbt with arguments {'printer_width': '80', 'indirect_selection': 'eager', 'log_cache_events': 'False', 'write_json': 'True', 'partial_parse': 'True', 'cache_selected_only': 'False', 'warn_error': 'None', 'fail_fast': 'False', 'profiles_dir': 'C:\\Users\\hp\\.dbt', 'log_path': 'logs', 'version_check': 'True', 'debug': 'False', 'use_colors': 'True', 'use_experimental_parser': 'False', 'empty': 'None', 'quiet': 'False', 'no_print': 'None', 'warn_error_options': 'WarnErrorOptions(include=[], exclude=[])', 'introspect': 'True', 'static_parser': 'True', 'invocation_command': 'dbt init ELT', 'target_path': 'None', 'log_format': 'default', 'send_anonymous_usage_stats': 'True'}
[0m02:02:36.577652 [debug] [MainThread]: Starter project path: C:\Python312\Lib\site-packages\dbt\include\starter_project
[0m02:02:36.658618 [info ] [MainThread]: 
Your new dbt project "ELT" was created!

For more information on how to configure the profiles.yml file,
please consult the dbt documentation here:

  https://docs.getdbt.com/docs/configure-your-profile

One more thing:

Need help? Don't hesitate to reach out to us via GitHub issues or on Slack:

  https://community.getdbt.com/

Happy modeling!

[0m02:02:36.661298 [info ] [MainThread]: Setting up your profile.
[0m02:02:54.443661 [error] [MainThread]: Encountered an error:

[0m02:02:54.824121 [error] [MainThread]: Traceback (most recent call last):
  File "C:\Python312\Lib\site-packages\dbt\cli\requires.py", line 138, in wrapper
    result, success = func(*args, **kwargs)
                      ^^^^^^^^^^^^^^^^^^^^^
  File "C:\Python312\Lib\site-packages\dbt\cli\requires.py", line 101, in wrapper
    return func(*args, **kwargs)
           ^^^^^^^^^^^^^^^^^^^^^
  File "C:\Python312\Lib\site-packages\dbt\cli\main.py", line 470, in init
    results = task.run()
              ^^^^^^^^^^
  File "C:\Python312\Lib\site-packages\dbt\task\init.py", line 347, in run
    self.setup_profile(profile_name)
  File "C:\Python312\Lib\site-packages\dbt\task\init.py", line 262, in setup_profile
    adapter = self.ask_for_adapter_choice()
              ^^^^^^^^^^^^^^^^^^^^^^^^^^^^^
  File "C:\Python312\Lib\site-packages\dbt\task\init.py", line 243, in ask_for_adapter_choice
    numeric_choice = click.prompt(prompt_msg, type=click.INT)
                     ^^^^^^^^^^^^^^^^^^^^^^^^^^^^^^^^^^^^^^^^
  File "C:\Python312\Lib\site-packages\click\termui.py", line 164, in prompt
    value = prompt_func(prompt)
            ^^^^^^^^^^^^^^^^^^^
  File "C:\Python312\Lib\site-packages\click\termui.py", line 147, in prompt_func
    raise Abort() from None
click.exceptions.Abort

[0m02:02:54.837479 [debug] [MainThread]: Command `dbt init` failed at 02:02:54.836461 after 18.83 seconds
[0m02:02:54.840227 [debug] [MainThread]: Sending event: {'category': 'dbt', 'action': 'invocation', 'label': 'end', 'context': [<snowplow_tracker.self_describing_json.SelfDescribingJson object at 0x0000018B01892600>, <snowplow_tracker.self_describing_json.SelfDescribingJson object at 0x0000018B018DF6E0>, <snowplow_tracker.self_describing_json.SelfDescribingJson object at 0x0000018B01516810>]}
[0m02:02:54.841227 [debug] [MainThread]: Flushing usage events
[0m16:01:10.209006 [debug] [MainThread]: Sending event: {'category': 'dbt', 'action': 'invocation', 'label': 'start', 'context': [<snowplow_tracker.self_describing_json.SelfDescribingJson object at 0x00000208CFB5FB00>, <snowplow_tracker.self_describing_json.SelfDescribingJson object at 0x00000208CF86E600>, <snowplow_tracker.self_describing_json.SelfDescribingJson object at 0x00000208CF288D10>]}


============================== 16:01:10.224631 | b76fe3a3-d88e-4677-a79b-9886064cffa9 ==============================
[0m16:01:10.224631 [info ] [MainThread]: Running with dbt=1.7.4
[0m16:01:10.224631 [debug] [MainThread]: running dbt with arguments {'printer_width': '80', 'indirect_selection': 'eager', 'write_json': 'True', 'log_cache_events': 'False', 'partial_parse': 'True', 'cache_selected_only': 'False', 'warn_error': 'None', 'debug': 'False', 'profiles_dir': 'C:\\Users\\hp\\.dbt', 'log_path': 'logs', 'fail_fast': 'False', 'version_check': 'True', 'use_colors': 'True', 'use_experimental_parser': 'False', 'no_print': 'None', 'quiet': 'False', 'warn_error_options': 'WarnErrorOptions(include=[], exclude=[])', 'invocation_command': 'dbt debug', 'log_format': 'default', 'static_parser': 'True', 'target_path': 'None', 'introspect': 'True', 'send_anonymous_usage_stats': 'True'}
[0m16:01:10.231145 [info ] [MainThread]: dbt version: 1.7.4
[0m16:01:10.231145 [info ] [MainThread]: python version: 3.12.3
[0m16:01:10.231145 [info ] [MainThread]: python path: C:\Python312\python.exe
[0m16:01:10.231145 [info ] [MainThread]: os info: Windows-10-10.0.19045-SP0
[0m16:01:10.231145 [info ] [MainThread]: Error importing adapter: No module named 'dbt.adapters.snowflake'
[0m16:01:10.231145 [info ] [MainThread]: Using profiles dir at C:\Users\hp\.dbt
[0m16:01:10.231145 [info ] [MainThread]: Using profiles.yml file at C:\Users\hp\.dbt\profiles.yml
[0m16:01:10.231145 [info ] [MainThread]: Using dbt_project.yml file at C:\Users\hp\Desktop\DBT-project\dbt_project.yml
[0m16:01:10.246784 [info ] [MainThread]: Configuration:
[0m16:01:10.246784 [info ] [MainThread]:   profiles.yml file [[31mERROR invalid[0m]
[0m16:01:10.246784 [info ] [MainThread]:   dbt_project.yml file [[31mERROR not found[0m]
[0m16:01:10.246784 [info ] [MainThread]: Required dependencies:
[0m16:01:10.246784 [debug] [MainThread]: Executing "git --help"
[0m16:01:10.293662 [debug] [MainThread]: STDOUT: "b"usage: git [-v | --version] [-h | --help] [-C <path>] [-c <name>=<value>]\n           [--exec-path[=<path>]] [--html-path] [--man-path] [--info-path]\n           [-p | --paginate | -P | --no-pager] [--no-replace-objects] [--bare]\n           [--git-dir=<path>] [--work-tree=<path>] [--namespace=<name>]\n           [--super-prefix=<path>] [--config-env=<name>=<envvar>]\n           <command> [<args>]\n\nThese are common Git commands used in various situations:\n\nstart a working area (see also: git help tutorial)\n   clone     Clone a repository into a new directory\n   init      Create an empty Git repository or reinitialize an existing one\n\nwork on the current change (see also: git help everyday)\n   add       Add file contents to the index\n   mv        Move or rename a file, a directory, or a symlink\n   restore   Restore working tree files\n   rm        Remove files from the working tree and from the index\n\nexamine the history and state (see also: git help revisions)\n   bisect    Use binary search to find the commit that introduced a bug\n   diff      Show changes between commits, commit and working tree, etc\n   grep      Print lines matching a pattern\n   log       Show commit logs\n   show      Show various types of objects\n   status    Show the working tree status\n\ngrow, mark and tweak your common history\n   branch    List, create, or delete branches\n   commit    Record changes to the repository\n   merge     Join two or more development histories together\n   rebase    Reapply commits on top of another base tip\n   reset     Reset current HEAD to the specified state\n   switch    Switch branches\n   tag       Create, list, delete or verify a tag object signed with GPG\n\ncollaborate (see also: git help workflows)\n   fetch     Download objects and refs from another repository\n   pull      Fetch from and integrate with another repository or a local branch\n   push      Update remote refs along with associated objects\n\n'git help -a' and 'git help -g' list available subcommands and some\nconcept guides. See 'git help <command>' or 'git help <concept>'\nto read about a specific subcommand or concept.\nSee 'git help git' for an overview of the system.\n""
[0m16:01:10.293662 [debug] [MainThread]: STDERR: "b''"
[0m16:01:10.293662 [info ] [MainThread]:  - git [[32mOK found[0m]

[0m16:01:10.293662 [info ] [MainThread]: Connection test skipped since no profile was found
[0m16:01:10.293662 [info ] [MainThread]: [31m2 checks failed:[0m
[0m16:01:10.309381 [info ] [MainThread]: Could not load dbt_project.yml
Profile loading failed for the following reason:
Runtime Error
  Credentials in profile "ELT_dbt", target "dev" invalid: Runtime Error
    Could not find adapter type snowflake!


[0m16:01:10.309381 [info ] [MainThread]: Project loading failed for the following reason:
 project path <C:\Users\hp\Desktop\DBT-project\dbt_project.yml> not found

[0m16:01:10.309381 [debug] [MainThread]: Command `dbt debug` failed at 16:01:10.309381 after 0.17 seconds
[0m16:01:10.309381 [debug] [MainThread]: Sending event: {'category': 'dbt', 'action': 'invocation', 'label': 'end', 'context': [<snowplow_tracker.self_describing_json.SelfDescribingJson object at 0x00000208CF639730>, <snowplow_tracker.self_describing_json.SelfDescribingJson object at 0x00000208CF7E0B90>, <snowplow_tracker.self_describing_json.SelfDescribingJson object at 0x00000208CF7E34D0>]}
[0m16:01:10.309381 [debug] [MainThread]: Flushing usage events
[0m16:01:11.434617 [debug] [MainThread]: Error sending anonymous usage statistics. Disabling tracking for this execution. If you wish to permanently disable tracking, see: https://docs.getdbt.com/reference/global-configs#send-anonymous-usage-stats.
[0m16:03:58.541695 [debug] [MainThread]: Sending event: {'category': 'dbt', 'action': 'invocation', 'label': 'start', 'context': [<snowplow_tracker.self_describing_json.SelfDescribingJson object at 0x000001FB468ACDA0>, <snowplow_tracker.self_describing_json.SelfDescribingJson object at 0x000001FB468AEFF0>, <snowplow_tracker.self_describing_json.SelfDescribingJson object at 0x000001FB468AE180>]}


============================== 16:03:58.541695 | ecde8d0d-4e72-447c-bb0e-a32c1737c972 ==============================
[0m16:03:58.541695 [info ] [MainThread]: Running with dbt=1.7.4
[0m16:03:58.541695 [debug] [MainThread]: running dbt with arguments {'printer_width': '80', 'indirect_selection': 'eager', 'write_json': 'True', 'log_cache_events': 'False', 'partial_parse': 'True', 'cache_selected_only': 'False', 'profiles_dir': 'C:\\Users\\hp\\.dbt', 'debug': 'False', 'fail_fast': 'False', 'log_path': 'logs', 'warn_error': 'None', 'version_check': 'True', 'use_colors': 'True', 'use_experimental_parser': 'False', 'no_print': 'None', 'quiet': 'False', 'log_format': 'default', 'introspect': 'True', 'static_parser': 'True', 'invocation_command': 'dbt debug', 'target_path': 'None', 'warn_error_options': 'WarnErrorOptions(include=[], exclude=[])', 'send_anonymous_usage_stats': 'True'}
[0m16:03:58.541695 [info ] [MainThread]: dbt version: 1.7.4
[0m16:03:58.541695 [info ] [MainThread]: python version: 3.12.3
[0m16:03:58.541695 [info ] [MainThread]: python path: C:\Python312\python.exe
[0m16:03:58.541695 [info ] [MainThread]: os info: Windows-10-10.0.19045-SP0
[0m16:03:58.557323 [info ] [MainThread]: Error importing adapter: No module named 'dbt.adapters.snowflake'
[0m16:03:58.563849 [info ] [MainThread]: Using profiles dir at C:\Users\hp\.dbt
[0m16:03:58.563849 [info ] [MainThread]: Using profiles.yml file at C:\Users\hp\.dbt\profiles.yml
[0m16:03:58.563849 [info ] [MainThread]: Using dbt_project.yml file at C:\Users\hp\Desktop\sante\dbt_project.yml
[0m16:03:58.563849 [info ] [MainThread]: Configuration:
[0m16:03:58.563849 [info ] [MainThread]:   profiles.yml file [[31mERROR invalid[0m]
[0m16:03:58.563849 [info ] [MainThread]:   dbt_project.yml file [[31mERROR not found[0m]
[0m16:03:58.563849 [info ] [MainThread]: Required dependencies:
[0m16:03:58.563849 [debug] [MainThread]: Executing "git --help"
[0m16:03:58.610739 [debug] [MainThread]: STDOUT: "b"usage: git [-v | --version] [-h | --help] [-C <path>] [-c <name>=<value>]\n           [--exec-path[=<path>]] [--html-path] [--man-path] [--info-path]\n           [-p | --paginate | -P | --no-pager] [--no-replace-objects] [--bare]\n           [--git-dir=<path>] [--work-tree=<path>] [--namespace=<name>]\n           [--super-prefix=<path>] [--config-env=<name>=<envvar>]\n           <command> [<args>]\n\nThese are common Git commands used in various situations:\n\nstart a working area (see also: git help tutorial)\n   clone     Clone a repository into a new directory\n   init      Create an empty Git repository or reinitialize an existing one\n\nwork on the current change (see also: git help everyday)\n   add       Add file contents to the index\n   mv        Move or rename a file, a directory, or a symlink\n   restore   Restore working tree files\n   rm        Remove files from the working tree and from the index\n\nexamine the history and state (see also: git help revisions)\n   bisect    Use binary search to find the commit that introduced a bug\n   diff      Show changes between commits, commit and working tree, etc\n   grep      Print lines matching a pattern\n   log       Show commit logs\n   show      Show various types of objects\n   status    Show the working tree status\n\ngrow, mark and tweak your common history\n   branch    List, create, or delete branches\n   commit    Record changes to the repository\n   merge     Join two or more development histories together\n   rebase    Reapply commits on top of another base tip\n   reset     Reset current HEAD to the specified state\n   switch    Switch branches\n   tag       Create, list, delete or verify a tag object signed with GPG\n\ncollaborate (see also: git help workflows)\n   fetch     Download objects and refs from another repository\n   pull      Fetch from and integrate with another repository or a local branch\n   push      Update remote refs along with associated objects\n\n'git help -a' and 'git help -g' list available subcommands and some\nconcept guides. See 'git help <command>' or 'git help <concept>'\nto read about a specific subcommand or concept.\nSee 'git help git' for an overview of the system.\n""
[0m16:03:58.610739 [debug] [MainThread]: STDERR: "b''"
[0m16:03:58.610739 [info ] [MainThread]:  - git [[32mOK found[0m]

[0m16:03:58.610739 [info ] [MainThread]: Connection test skipped since no profile was found
[0m16:03:58.610739 [info ] [MainThread]: [31m2 checks failed:[0m
[0m16:03:58.626374 [info ] [MainThread]: Could not load dbt_project.yml
Profile loading failed for the following reason:
Runtime Error
  Credentials in profile "ELT_dbt", target "dev" invalid: Runtime Error
    Could not find adapter type snowflake!


[0m16:03:58.626374 [info ] [MainThread]: Project loading failed for the following reason:
 project path <C:\Users\hp\Desktop\sante\dbt_project.yml> not found

[0m16:03:58.626374 [debug] [MainThread]: Command `dbt debug` failed at 16:03:58.626374 after 0.17 seconds
[0m16:03:58.626374 [debug] [MainThread]: Sending event: {'category': 'dbt', 'action': 'invocation', 'label': 'end', 'context': [<snowplow_tracker.self_describing_json.SelfDescribingJson object at 0x000001FB46586360>, <snowplow_tracker.self_describing_json.SelfDescribingJson object at 0x000001FB4629F9B0>, <snowplow_tracker.self_describing_json.SelfDescribingJson object at 0x000001FB4629D430>]}
[0m16:03:58.626374 [debug] [MainThread]: Flushing usage events
